<?xml version="1.0" encoding="UTF-8"?>
<!-- Generated by org.testng.reporters.JUnitXMLReporter -->
<testsuite hostname="UE-PC" ignored="1" name="Default test(failed)" tests="1" failures="1" timestamp="11 Feb 2020 09:09:00 GMT" time="46.809" errors="0">
  <testcase name="verifydealslinktest" time="0.02" classname="com.FreeCrm.qa.TestCases.HomepageTest">
    <failure type="java.lang.NullPointerException">
      <![CDATA[java.lang.NullPointerException
	at com.FreeCrm.qa.Pages.HomePage.deals(HomePage.java:29)
	at com.FreeCrm.qa.TestCases.HomepageTest.verifydealslinktest(HomepageTest.java:57)
... Removed 25 stack frames]]>
    </failure>
  </testcase> <!-- verifydealslinktest -->
  <testcase name="VerifyHomepagetitleTest" time="0.0" classname="com.FreeCrm.qa.TestCases.HomepageTest">
    <ignored/>
  </testcase> <!-- VerifyHomepagetitleTest -->
</testsuite> <!-- Default test(failed) -->
