<?xml version="1.0" encoding="UTF-8"?>
<!-- Generated by org.testng.reporters.JUnitXMLReporter -->
<testsuite hostname="UE-PC" ignored="0" name="CRMTestCases" tests="5" failures="0" timestamp="12 Feb 2020 15:31:01 GMT" time="101.756" errors="0">
  <testcase name="LoginPageTest" time="0.896" classname="com.FreeCrm.qa.TestCases.LoginTest"/>
  <testcase name="verifynewContactBtn" time="0.257" classname="com.FreeCrm.qa.TestCases.contactTest"/>
  <testcase name="createContactTest" time="4.762" classname="com.FreeCrm.qa.TestCases.NewConatctpageTest"/>
  <testcase name="VerifyHomepagetitleTest" time="0.056" classname="com.FreeCrm.qa.TestCases.HomepageTest"/>
  <testcase name="verifydealslinktest" time="3.005" classname="com.FreeCrm.qa.TestCases.HomepageTest"/>
</testsuite> <!-- CRMTestCases -->
